<?xml version="1.0" encoding="UTF-8"?>
<testng-results ignored="0" total="1" passed="1" failed="0" skipped="0">
  <reporter-output>
  </reporter-output>
  <suite started-at="2025-08-07T14:38:14 IST" name="Default suite" finished-at="2025-08-07T14:38:33 IST" duration-ms="18237">
    <groups>
    </groups>
    <test started-at="2025-08-07T14:38:14 IST" name="Default test" finished-at="2025-08-07T14:38:33 IST" duration-ms="18237">
      <class name="testcases.TestCase_7">
        <test-method is-config="true" signature="setUp()[pri:0, instance:testcases.TestCase_7@795509d9]" started-at="2025-08-07T14:38:14 IST" name="setUp" finished-at="2025-08-07T14:38:20 IST" duration-ms="5455" status="PASS">
          <reporter-output>
          </reporter-output>
        </test-method> <!-- setUp -->
        <test-method signature="verifyTestCasePage()[pri:0, instance:testcases.TestCase_7@795509d9]" started-at="2025-08-07T14:38:20 IST" name="verifyTestCasePage" finished-at="2025-08-07T14:38:32 IST" duration-ms="12411" status="PASS">
          <reporter-output>
          </reporter-output>
        </test-method> <!-- verifyTestCasePage -->
        <test-method is-config="true" signature="tearDown()[pri:0, instance:testcases.TestCase_7@795509d9]" started-at="2025-08-07T14:38:32 IST" name="tearDown" finished-at="2025-08-07T14:38:33 IST" duration-ms="302" status="PASS">
          <reporter-output>
          </reporter-output>
        </test-method> <!-- tearDown -->
      </class> <!-- testcases.TestCase_7 -->
    </test> <!-- Default test -->
  </suite> <!-- Default suite -->
</testng-results>
