<?xml version="1.0" encoding="UTF-8"?>
<testng-results ignored="0" total="1" passed="1" failed="0" skipped="0">
  <reporter-output>
  </reporter-output>
  <suite started-at="2025-08-07T13:42:37 IST" name="Default suite" finished-at="2025-08-07T13:43:12 IST" duration-ms="34843">
    <groups>
    </groups>
    <test started-at="2025-08-07T13:42:37 IST" name="Default test" finished-at="2025-08-07T13:43:12 IST" duration-ms="34843">
      <class name="testcases.TestCase_6">
        <test-method is-config="true" signature="setUp()[pri:0, instance:testcases.TestCase_6@795509d9]" started-at="2025-08-07T13:42:37 IST" name="setUp" finished-at="2025-08-07T13:42:43 IST" duration-ms="5742" status="PASS">
          <reporter-output>
          </reporter-output>
        </test-method> <!-- setUp -->
        <test-method signature="verifyRegisterUserWithExistingEmail()[pri:0, instance:testcases.TestCase_6@795509d9]" started-at="2025-08-07T13:42:43 IST" name="verifyRegisterUserWithExistingEmail" finished-at="2025-08-07T13:43:11 IST" duration-ms="28716" status="PASS">
          <reporter-output>
          </reporter-output>
        </test-method> <!-- verifyRegisterUserWithExistingEmail -->
        <test-method is-config="true" signature="tearDown()[pri:0, instance:testcases.TestCase_6@795509d9]" started-at="2025-08-07T13:43:11 IST" name="tearDown" finished-at="2025-08-07T13:43:12 IST" duration-ms="309" status="PASS">
          <reporter-output>
          </reporter-output>
        </test-method> <!-- tearDown -->
      </class> <!-- testcases.TestCase_6 -->
    </test> <!-- Default test -->
  </suite> <!-- Default suite -->
</testng-results>
